<?xml version="1.0" encoding="UTF-8"?>
<testsuite name="com.example.project.TestUser" tests="2" skipped="0" failures="0" errors="0" timestamp="2025-01-16T14:18:04" hostname="codespaces-6ca028" time="0.106">
  <properties/>
  <testcase name="testUserConstructor()" classname="com.example.project.TestUser" time="0.103"/>
  <testcase name="testUserInfo()" classname="com.example.project.TestUser" time="0.001"/>
  <system-out><![CDATA[]]></system-out>
  <system-err><![CDATA[]]></system-err>
</testsuite>
